{"/Users/pacoescobar/Documents/arkus nexus/mind_teams_challenge/Backend/config/config.js": {"path":"/Users/pacoescobar/Documents/arkus nexus/mind_teams_challenge/Backend/config/config.js","statementMap":{"0":{"start":{"line":1,"column":0},"end":{"line":1,"column":27}},"1":{"start":{"line":3,"column":15},"end":{"line":12,"column":1}},"2":{"start":{"line":14,"column":0},"end":{"line":14,"column":24}}},"fnMap":{},"branchMap":{"0":{"loc":{"start":{"line":4,"column":7},"end":{"line":4,"column":36}},"type":"binary-expr","locations":[{"start":{"line":4,"column":7},"end":{"line":4,"column":27}},{"start":{"line":4,"column":31},"end":{"line":4,"column":36}}],"line":4},"1":{"loc":{"start":{"line":5,"column":8},"end":{"line":5,"column":32}},"type":"binary-expr","locations":[{"start":{"line":5,"column":8},"end":{"line":5,"column":24}},{"start":{"line":5,"column":28},"end":{"line":5,"column":32}}],"line":5},"2":{"loc":{"start":{"line":8,"column":10},"end":{"line":8,"column":44}},"type":"binary-expr","locations":[{"start":{"line":8,"column":10},"end":{"line":8,"column":29}},{"start":{"line":8,"column":33},"end":{"line":8,"column":44}}],"line":8}},"s":{"0":4,"1":4,"2":4},"f":{},"b":{"0":[4,0],"1":[4,0],"2":[4,0]},"_coverageSchema":"1a1c01bbd47fc00a2c39e90264f33305004495a9","hash":"37b8dc759f75b3780a6ebf88a78347045474a36a"}
,"/Users/pacoescobar/Documents/arkus nexus/mind_teams_challenge/Backend/db/models/account.model.js": {"path":"/Users/pacoescobar/Documents/arkus nexus/mind_teams_challenge/Backend/db/models/account.model.js","statementMap":{"0":{"start":{"line":1,"column":40},"end":{"line":1,"column":60}},"1":{"start":{"line":2,"column":23},"end":{"line":2,"column":46}},"2":{"start":{"line":4,"column":22},"end":{"line":4,"column":32}},"3":{"start":{"line":5,"column":22},"end":{"line":37,"column":1}},"4":{"start":{"line":41,"column":4},"end":{"line":41,"column":48}},"5":{"start":{"line":44,"column":4},"end":{"line":49,"column":6}},"6":{"start":{"line":53,"column":0},"end":{"line":53,"column":70}}},"fnMap":{"0":{"name":"(anonymous_0)","decl":{"start":{"line":40,"column":2},"end":{"line":40,"column":3}},"loc":{"start":{"line":40,"column":27},"end":{"line":42,"column":3}},"line":40},"1":{"name":"(anonymous_1)","decl":{"start":{"line":43,"column":2},"end":{"line":43,"column":3}},"loc":{"start":{"line":43,"column":27},"end":{"line":50,"column":3}},"line":43}},"branchMap":{},"s":{"0":4,"1":4,"2":4,"3":4,"4":4,"5":4,"6":4},"f":{"0":4,"1":4},"b":{},"_coverageSchema":"1a1c01bbd47fc00a2c39e90264f33305004495a9","hash":"ebe922cadd836fe8718a92a986adee496ecc4319"}
,"/Users/pacoescobar/Documents/arkus nexus/mind_teams_challenge/Backend/db/models/index.js": {"path":"/Users/pacoescobar/Documents/arkus nexus/mind_teams_challenge/Backend/db/models/index.js","statementMap":{"0":{"start":{"line":1,"column":29},"end":{"line":1,"column":52}},"1":{"start":{"line":2,"column":29},"end":{"line":2,"column":52}},"2":{"start":{"line":3,"column":29},"end":{"line":3,"column":52}},"3":{"start":{"line":4,"column":35},"end":{"line":4,"column":61}},"4":{"start":{"line":5,"column":35},"end":{"line":5,"column":61}},"5":{"start":{"line":8,"column":2},"end":{"line":8,"column":48}},"6":{"start":{"line":9,"column":2},"end":{"line":9,"column":48}},"7":{"start":{"line":10,"column":2},"end":{"line":10,"column":48}},"8":{"start":{"line":11,"column":2},"end":{"line":11,"column":57}},"9":{"start":{"line":12,"column":2},"end":{"line":12,"column":57}},"10":{"start":{"line":14,"column":2},"end":{"line":14,"column":35}},"11":{"start":{"line":15,"column":2},"end":{"line":15,"column":35}},"12":{"start":{"line":16,"column":2},"end":{"line":16,"column":35}},"13":{"start":{"line":17,"column":2},"end":{"line":17,"column":38}},"14":{"start":{"line":18,"column":2},"end":{"line":18,"column":38}},"15":{"start":{"line":21,"column":0},"end":{"line":21,"column":29}}},"fnMap":{"0":{"name":"setupModels","decl":{"start":{"line":7,"column":9},"end":{"line":7,"column":20}},"loc":{"start":{"line":7,"column":32},"end":{"line":19,"column":1}},"line":7}},"branchMap":{},"s":{"0":4,"1":4,"2":4,"3":4,"4":4,"5":4,"6":4,"7":4,"8":4,"9":4,"10":4,"11":4,"12":4,"13":4,"14":4,"15":4},"f":{"0":4},"b":{},"_coverageSchema":"1a1c01bbd47fc00a2c39e90264f33305004495a9","hash":"cd7126210edc8e440e420da8c685c03ff6eaabe8"}
,"/Users/pacoescobar/Documents/arkus nexus/mind_teams_challenge/Backend/db/models/logTeam.model.js": {"path":"/Users/pacoescobar/Documents/arkus nexus/mind_teams_challenge/Backend/db/models/logTeam.model.js","statementMap":{"0":{"start":{"line":1,"column":40},"end":{"line":1,"column":60}},"1":{"start":{"line":2,"column":23},"end":{"line":2,"column":46}},"2":{"start":{"line":3,"column":23},"end":{"line":3,"column":46}},"3":{"start":{"line":5,"column":23},"end":{"line":5,"column":34}},"4":{"start":{"line":6,"column":22},"end":{"line":48,"column":1}},"5":{"start":{"line":52,"column":4},"end":{"line":52,"column":48}},"6":{"start":{"line":53,"column":4},"end":{"line":53,"column":48}},"7":{"start":{"line":56,"column":4},"end":{"line":61,"column":6}},"8":{"start":{"line":65,"column":0},"end":{"line":65,"column":60}}},"fnMap":{"0":{"name":"(anonymous_0)","decl":{"start":{"line":51,"column":2},"end":{"line":51,"column":3}},"loc":{"start":{"line":51,"column":27},"end":{"line":54,"column":3}},"line":51},"1":{"name":"(anonymous_1)","decl":{"start":{"line":55,"column":2},"end":{"line":55,"column":3}},"loc":{"start":{"line":55,"column":27},"end":{"line":62,"column":3}},"line":55}},"branchMap":{},"s":{"0":4,"1":4,"2":4,"3":4,"4":4,"5":4,"6":4,"7":4,"8":4},"f":{"0":4,"1":4},"b":{},"_coverageSchema":"1a1c01bbd47fc00a2c39e90264f33305004495a9","hash":"e82606a4df7221303e61d648eae980459ac64181"}
,"/Users/pacoescobar/Documents/arkus nexus/mind_teams_challenge/Backend/db/models/role.model.js": {"path":"/Users/pacoescobar/Documents/arkus nexus/mind_teams_challenge/Backend/db/models/role.model.js","statementMap":{"0":{"start":{"line":1,"column":40},"end":{"line":1,"column":60}},"1":{"start":{"line":3,"column":19},"end":{"line":3,"column":26}},"2":{"start":{"line":4,"column":19},"end":{"line":15,"column":1}},"3":{"start":{"line":19,"column":4},"end":{"line":22,"column":7}},"4":{"start":{"line":25,"column":4},"end":{"line":30,"column":6}},"5":{"start":{"line":34,"column":0},"end":{"line":34,"column":50}}},"fnMap":{"0":{"name":"(anonymous_0)","decl":{"start":{"line":18,"column":2},"end":{"line":18,"column":3}},"loc":{"start":{"line":18,"column":27},"end":{"line":23,"column":3}},"line":18},"1":{"name":"(anonymous_1)","decl":{"start":{"line":24,"column":2},"end":{"line":24,"column":3}},"loc":{"start":{"line":24,"column":27},"end":{"line":31,"column":3}},"line":24}},"branchMap":{},"s":{"0":4,"1":4,"2":4,"3":4,"4":4,"5":4},"f":{"0":4,"1":4},"b":{},"_coverageSchema":"1a1c01bbd47fc00a2c39e90264f33305004495a9","hash":"628d2bec930e1aae940173a0ab388ae27127a67d"}
,"/Users/pacoescobar/Documents/arkus nexus/mind_teams_challenge/Backend/db/models/team.model.js": {"path":"/Users/pacoescobar/Documents/arkus nexus/mind_teams_challenge/Backend/db/models/team.model.js","statementMap":{"0":{"start":{"line":1,"column":40},"end":{"line":1,"column":60}},"1":{"start":{"line":3,"column":19},"end":{"line":3,"column":26}},"2":{"start":{"line":4,"column":19},"end":{"line":15,"column":1}},"3":{"start":{"line":19,"column":4},"end":{"line":22,"column":7}},"4":{"start":{"line":23,"column":4},"end":{"line":26,"column":7}},"5":{"start":{"line":29,"column":4},"end":{"line":34,"column":6}},"6":{"start":{"line":38,"column":0},"end":{"line":38,"column":50}}},"fnMap":{"0":{"name":"(anonymous_0)","decl":{"start":{"line":18,"column":2},"end":{"line":18,"column":3}},"loc":{"start":{"line":18,"column":27},"end":{"line":27,"column":3}},"line":18},"1":{"name":"(anonymous_1)","decl":{"start":{"line":28,"column":2},"end":{"line":28,"column":3}},"loc":{"start":{"line":28,"column":27},"end":{"line":35,"column":3}},"line":28}},"branchMap":{},"s":{"0":4,"1":4,"2":4,"3":4,"4":4,"5":4,"6":4},"f":{"0":4,"1":4},"b":{},"_coverageSchema":"1a1c01bbd47fc00a2c39e90264f33305004495a9","hash":"bb7bbb0bec3a2a22d3d063041e74e6a1e8011b27"}
,"/Users/pacoescobar/Documents/arkus nexus/mind_teams_challenge/Backend/db/models/user.model.js": {"path":"/Users/pacoescobar/Documents/arkus nexus/mind_teams_challenge/Backend/db/models/user.model.js","statementMap":{"0":{"start":{"line":1,"column":40},"end":{"line":1,"column":60}},"1":{"start":{"line":2,"column":23},"end":{"line":2,"column":46}},"2":{"start":{"line":4,"column":19},"end":{"line":4,"column":26}},"3":{"start":{"line":5,"column":19},"end":{"line":51,"column":1}},"4":{"start":{"line":55,"column":4},"end":{"line":55,"column":48}},"5":{"start":{"line":56,"column":4},"end":{"line":59,"column":7}},"6":{"start":{"line":62,"column":4},"end":{"line":67,"column":6}},"7":{"start":{"line":71,"column":0},"end":{"line":71,"column":50}}},"fnMap":{"0":{"name":"(anonymous_0)","decl":{"start":{"line":54,"column":2},"end":{"line":54,"column":3}},"loc":{"start":{"line":54,"column":27},"end":{"line":60,"column":3}},"line":54},"1":{"name":"(anonymous_1)","decl":{"start":{"line":61,"column":2},"end":{"line":61,"column":3}},"loc":{"start":{"line":61,"column":27},"end":{"line":68,"column":3}},"line":61}},"branchMap":{},"s":{"0":4,"1":4,"2":4,"3":4,"4":4,"5":4,"6":4,"7":4},"f":{"0":4,"1":4},"b":{},"_coverageSchema":"1a1c01bbd47fc00a2c39e90264f33305004495a9","hash":"f43ae1cf1eb1a035a93debe8eef18d16f84e461f"}
,"/Users/pacoescobar/Documents/arkus nexus/mind_teams_challenge/Backend/libs/sequelize.js": {"path":"/Users/pacoescobar/Documents/arkus nexus/mind_teams_challenge/Backend/libs/sequelize.js","statementMap":{"0":{"start":{"line":1,"column":22},"end":{"line":1,"column":42}},"1":{"start":{"line":2,"column":15},"end":{"line":2,"column":44}},"2":{"start":{"line":3,"column":20},"end":{"line":3,"column":45}},"3":{"start":{"line":5,"column":13},"end":{"line":5,"column":46}},"4":{"start":{"line":6,"column":17},"end":{"line":6,"column":54}},"5":{"start":{"line":7,"column":12},"end":{"line":7,"column":92}},"6":{"start":{"line":9,"column":18},"end":{"line":11,"column":2}},"7":{"start":{"line":13,"column":0},"end":{"line":13,"column":23}},"8":{"start":{"line":15,"column":0},"end":{"line":15,"column":27}}},"fnMap":{},"branchMap":{},"s":{"0":4,"1":4,"2":4,"3":4,"4":4,"5":4,"6":4,"7":4,"8":4},"f":{},"b":{},"_coverageSchema":"1a1c01bbd47fc00a2c39e90264f33305004495a9","hash":"6eece5d8fac805107ba883cdde5cb710ef5ebb61"}
,"/Users/pacoescobar/Documents/arkus nexus/mind_teams_challenge/Backend/services/account.service.js": {"path":"/Users/pacoescobar/Documents/arkus nexus/mind_teams_challenge/Backend/services/account.service.js","statementMap":{"0":{"start":{"line":1,"column":13},"end":{"line":1,"column":34}},"1":{"start":{"line":2,"column":19},"end":{"line":2,"column":49}},"2":{"start":{"line":3,"column":15},"end":{"line":3,"column":32}},"3":{"start":{"line":4,"column":20},"end":{"line":4,"column":45}},"4":{"start":{"line":5,"column":22},"end":{"line":5,"column":59}},"5":{"start":{"line":7,"column":20},"end":{"line":7,"column":37}},"6":{"start":{"line":13,"column":19},"end":{"line":15,"column":6}},"7":{"start":{"line":17,"column":4},"end":{"line":19,"column":5}},"8":{"start":{"line":18,"column":6},"end":{"line":18,"column":47}},"9":{"start":{"line":20,"column":4},"end":{"line":20,"column":20}},"10":{"start":{"line":24,"column":20},"end":{"line":26,"column":6}},"11":{"start":{"line":28,"column":4},"end":{"line":30,"column":5}},"12":{"start":{"line":29,"column":6},"end":{"line":29,"column":47}},"13":{"start":{"line":31,"column":4},"end":{"line":31,"column":19}},"14":{"start":{"line":35,"column":20},"end":{"line":35,"column":60}},"15":{"start":{"line":37,"column":4},"end":{"line":37,"column":19}},"16":{"start":{"line":41,"column":20},"end":{"line":41,"column":53}},"17":{"start":{"line":42,"column":4},"end":{"line":42,"column":22}},"18":{"start":{"line":43,"column":4},"end":{"line":43,"column":18}},"19":{"start":{"line":47,"column":0},"end":{"line":47,"column":33}}},"fnMap":{"0":{"name":"(anonymous_0)","decl":{"start":{"line":10,"column":2},"end":{"line":10,"column":3}},"loc":{"start":{"line":10,"column":16},"end":{"line":10,"column":18}},"line":10},"1":{"name":"(anonymous_1)","decl":{"start":{"line":12,"column":2},"end":{"line":12,"column":3}},"loc":{"start":{"line":12,"column":14},"end":{"line":21,"column":3}},"line":12},"2":{"name":"(anonymous_2)","decl":{"start":{"line":23,"column":2},"end":{"line":23,"column":3}},"loc":{"start":{"line":23,"column":17},"end":{"line":32,"column":3}},"line":23},"3":{"name":"(anonymous_3)","decl":{"start":{"line":34,"column":2},"end":{"line":34,"column":3}},"loc":{"start":{"line":34,"column":28},"end":{"line":38,"column":3}},"line":34},"4":{"name":"(anonymous_4)","decl":{"start":{"line":40,"column":2},"end":{"line":40,"column":3}},"loc":{"start":{"line":40,"column":19},"end":{"line":44,"column":3}},"line":40}},"branchMap":{"0":{"loc":{"start":{"line":17,"column":4},"end":{"line":19,"column":5}},"type":"if","locations":[{"start":{"line":17,"column":4},"end":{"line":19,"column":5}},{"start":{},"end":{}}],"line":17},"1":{"loc":{"start":{"line":28,"column":4},"end":{"line":30,"column":5}},"type":"if","locations":[{"start":{"line":28,"column":4},"end":{"line":30,"column":5}},{"start":{},"end":{}}],"line":28}},"s":{"0":1,"1":1,"2":1,"3":1,"4":1,"5":1,"6":3,"7":3,"8":0,"9":3,"10":2,"11":2,"12":1,"13":1,"14":1,"15":1,"16":1,"17":1,"18":1,"19":1},"f":{"0":1,"1":3,"2":2,"3":1,"4":1},"b":{"0":[0,3],"1":[1,1]},"_coverageSchema":"1a1c01bbd47fc00a2c39e90264f33305004495a9","hash":"b39500b5d666c74b61ce4f792f2767e8bf956c3a"}
,"/Users/pacoescobar/Documents/arkus nexus/mind_teams_challenge/Backend/services/role.service.js": {"path":"/Users/pacoescobar/Documents/arkus nexus/mind_teams_challenge/Backend/services/role.service.js","statementMap":{"0":{"start":{"line":1,"column":13},"end":{"line":1,"column":34}},"1":{"start":{"line":2,"column":19},"end":{"line":2,"column":49}},"2":{"start":{"line":8,"column":18},"end":{"line":8,"column":45}},"3":{"start":{"line":9,"column":4},"end":{"line":11,"column":5}},"4":{"start":{"line":10,"column":6},"end":{"line":10,"column":28}},"5":{"start":{"line":12,"column":4},"end":{"line":12,"column":17}},"6":{"start":{"line":16,"column":20},"end":{"line":16,"column":50}},"7":{"start":{"line":17,"column":4},"end":{"line":17,"column":19}},"8":{"start":{"line":21,"column":0},"end":{"line":21,"column":30}}},"fnMap":{"0":{"name":"(anonymous_0)","decl":{"start":{"line":5,"column":2},"end":{"line":5,"column":3}},"loc":{"start":{"line":5,"column":16},"end":{"line":5,"column":18}},"line":5},"1":{"name":"(anonymous_1)","decl":{"start":{"line":7,"column":2},"end":{"line":7,"column":3}},"loc":{"start":{"line":7,"column":14},"end":{"line":13,"column":3}},"line":7},"2":{"name":"(anonymous_2)","decl":{"start":{"line":15,"column":2},"end":{"line":15,"column":3}},"loc":{"start":{"line":15,"column":21},"end":{"line":18,"column":3}},"line":15}},"branchMap":{"0":{"loc":{"start":{"line":9,"column":4},"end":{"line":11,"column":5}},"type":"if","locations":[{"start":{"line":9,"column":4},"end":{"line":11,"column":5}},{"start":{},"end":{}}],"line":9}},"s":{"0":2,"1":2,"2":1,"3":1,"4":0,"5":1,"6":1,"7":1,"8":2},"f":{"0":2,"1":1,"2":1},"b":{"0":[0,1]},"_coverageSchema":"1a1c01bbd47fc00a2c39e90264f33305004495a9","hash":"f2a6c3169658df151e4f3a573427b1bb9e741963"}
,"/Users/pacoescobar/Documents/arkus nexus/mind_teams_challenge/Backend/services/team.service.js": {"path":"/Users/pacoescobar/Documents/arkus nexus/mind_teams_challenge/Backend/services/team.service.js","statementMap":{"0":{"start":{"line":1,"column":13},"end":{"line":1,"column":34}},"1":{"start":{"line":2,"column":19},"end":{"line":2,"column":49}},"2":{"start":{"line":3,"column":15},"end":{"line":3,"column":32}},"3":{"start":{"line":9,"column":18},"end":{"line":9,"column":45}},"4":{"start":{"line":11,"column":4},"end":{"line":13,"column":5}},"5":{"start":{"line":12,"column":6},"end":{"line":12,"column":28}},"6":{"start":{"line":14,"column":4},"end":{"line":14,"column":17}},"7":{"start":{"line":18,"column":17},"end":{"line":18,"column":47}},"8":{"start":{"line":20,"column":4},"end":{"line":22,"column":5}},"9":{"start":{"line":21,"column":6},"end":{"line":21,"column":28}},"10":{"start":{"line":23,"column":4},"end":{"line":23,"column":16}},"11":{"start":{"line":27,"column":17},"end":{"line":27,"column":51}},"12":{"start":{"line":28,"column":4},"end":{"line":28,"column":16}},"13":{"start":{"line":32,"column":0},"end":{"line":32,"column":30}}},"fnMap":{"0":{"name":"(anonymous_0)","decl":{"start":{"line":6,"column":2},"end":{"line":6,"column":3}},"loc":{"start":{"line":6,"column":16},"end":{"line":6,"column":18}},"line":6},"1":{"name":"(anonymous_1)","decl":{"start":{"line":8,"column":2},"end":{"line":8,"column":3}},"loc":{"start":{"line":8,"column":14},"end":{"line":15,"column":3}},"line":8},"2":{"name":"(anonymous_2)","decl":{"start":{"line":17,"column":2},"end":{"line":17,"column":3}},"loc":{"start":{"line":17,"column":17},"end":{"line":24,"column":3}},"line":17},"3":{"name":"(anonymous_3)","decl":{"start":{"line":26,"column":2},"end":{"line":26,"column":3}},"loc":{"start":{"line":26,"column":25},"end":{"line":29,"column":3}},"line":26}},"branchMap":{"0":{"loc":{"start":{"line":11,"column":4},"end":{"line":13,"column":5}},"type":"if","locations":[{"start":{"line":11,"column":4},"end":{"line":13,"column":5}},{"start":{},"end":{}}],"line":11},"1":{"loc":{"start":{"line":20,"column":4},"end":{"line":22,"column":5}},"type":"if","locations":[{"start":{"line":20,"column":4},"end":{"line":22,"column":5}},{"start":{},"end":{}}],"line":20}},"s":{"0":2,"1":2,"2":2,"3":2,"4":2,"5":0,"6":2,"7":2,"8":2,"9":1,"10":1,"11":1,"12":1,"13":2},"f":{"0":2,"1":2,"2":2,"3":1},"b":{"0":[0,2],"1":[1,1]},"_coverageSchema":"1a1c01bbd47fc00a2c39e90264f33305004495a9","hash":"ac830968f204b83005ca19f52cd296a644ab5352"}
,"/Users/pacoescobar/Documents/arkus nexus/mind_teams_challenge/Backend/services/user.service.js": {"path":"/Users/pacoescobar/Documents/arkus nexus/mind_teams_challenge/Backend/services/user.service.js","statementMap":{"0":{"start":{"line":1,"column":13},"end":{"line":1,"column":34}},"1":{"start":{"line":2,"column":19},"end":{"line":2,"column":49}},"2":{"start":{"line":3,"column":15},"end":{"line":3,"column":32}},"3":{"start":{"line":4,"column":21},"end":{"line":4,"column":46}},"4":{"start":{"line":6,"column":20},"end":{"line":6,"column":38}},"5":{"start":{"line":10,"column":4},"end":{"line":10,"column":20}},"6":{"start":{"line":14,"column":18},"end":{"line":16,"column":6}},"7":{"start":{"line":18,"column":4},"end":{"line":20,"column":5}},"8":{"start":{"line":19,"column":6},"end":{"line":19,"column":28}},"9":{"start":{"line":21,"column":4},"end":{"line":21,"column":17}},"10":{"start":{"line":25,"column":18},"end":{"line":27,"column":6}},"11":{"start":{"line":28,"column":4},"end":{"line":30,"column":5}},"12":{"start":{"line":29,"column":6},"end":{"line":29,"column":28}},"13":{"start":{"line":31,"column":4},"end":{"line":31,"column":17}},"14":{"start":{"line":35,"column":18},"end":{"line":38,"column":6}},"15":{"start":{"line":39,"column":4},"end":{"line":39,"column":17}},"16":{"start":{"line":43,"column":27},"end":{"line":43,"column":67}},"17":{"start":{"line":44,"column":20},"end":{"line":47,"column":6}},"18":{"start":{"line":49,"column":17},"end":{"line":49,"column":60}},"19":{"start":{"line":51,"column":4},"end":{"line":51,"column":35}},"20":{"start":{"line":53,"column":4},"end":{"line":53,"column":39}},"21":{"start":{"line":55,"column":4},"end":{"line":55,"column":19}},"22":{"start":{"line":59,"column":17},"end":{"line":59,"column":36}},"23":{"start":{"line":60,"column":20},"end":{"line":60,"column":50}},"24":{"start":{"line":62,"column":4},"end":{"line":62,"column":19}},"25":{"start":{"line":66,"column":17},"end":{"line":66,"column":36}},"26":{"start":{"line":67,"column":4},"end":{"line":67,"column":19}},"27":{"start":{"line":68,"column":4},"end":{"line":68,"column":18}},"28":{"start":{"line":72,"column":0},"end":{"line":72,"column":30}}},"fnMap":{"0":{"name":"(anonymous_0)","decl":{"start":{"line":9,"column":2},"end":{"line":9,"column":3}},"loc":{"start":{"line":9,"column":16},"end":{"line":11,"column":3}},"line":9},"1":{"name":"(anonymous_1)","decl":{"start":{"line":13,"column":2},"end":{"line":13,"column":3}},"loc":{"start":{"line":13,"column":14},"end":{"line":22,"column":3}},"line":13},"2":{"name":"(anonymous_2)","decl":{"start":{"line":24,"column":2},"end":{"line":24,"column":3}},"loc":{"start":{"line":24,"column":17},"end":{"line":32,"column":3}},"line":24},"3":{"name":"(anonymous_3)","decl":{"start":{"line":34,"column":2},"end":{"line":34,"column":3}},"loc":{"start":{"line":34,"column":27},"end":{"line":40,"column":3}},"line":34},"4":{"name":"(anonymous_4)","decl":{"start":{"line":42,"column":2},"end":{"line":42,"column":3}},"loc":{"start":{"line":42,"column":25},"end":{"line":56,"column":3}},"line":42},"5":{"name":"(anonymous_5)","decl":{"start":{"line":58,"column":2},"end":{"line":58,"column":3}},"loc":{"start":{"line":58,"column":32},"end":{"line":63,"column":3}},"line":58},"6":{"name":"(anonymous_6)","decl":{"start":{"line":65,"column":2},"end":{"line":65,"column":3}},"loc":{"start":{"line":65,"column":19},"end":{"line":69,"column":3}},"line":65}},"branchMap":{"0":{"loc":{"start":{"line":18,"column":4},"end":{"line":20,"column":5}},"type":"if","locations":[{"start":{"line":18,"column":4},"end":{"line":20,"column":5}},{"start":{},"end":{}}],"line":18},"1":{"loc":{"start":{"line":28,"column":4},"end":{"line":30,"column":5}},"type":"if","locations":[{"start":{"line":28,"column":4},"end":{"line":30,"column":5}},{"start":{},"end":{}}],"line":28}},"s":{"0":1,"1":1,"2":1,"3":1,"4":1,"5":1,"6":2,"7":2,"8":0,"9":2,"10":4,"11":4,"12":1,"13":3,"14":3,"15":3,"16":1,"17":1,"18":1,"19":1,"20":1,"21":1,"22":1,"23":1,"24":1,"25":1,"26":1,"27":1,"28":1},"f":{"0":1,"1":2,"2":4,"3":3,"4":1,"5":1,"6":1},"b":{"0":[0,2],"1":[1,3]},"_coverageSchema":"1a1c01bbd47fc00a2c39e90264f33305004495a9","hash":"2cdf439f75a82e9ae6eaef230fa052b450be0ca3"}
}
