TN:
SF:config/config.js
FNF:0
FNH:0
DA:1,4
DA:3,4
DA:14,4
LF:3
LH:3
BRDA:4,0,0,4
BRDA:4,0,1,0
BRDA:5,1,0,4
BRDA:5,1,1,0
BRDA:8,2,0,4
BRDA:8,2,1,0
BRF:6
BRH:3
end_of_record
TN:
SF:db/models/account.model.js
FN:40,(anonymous_0)
FN:43,(anonymous_1)
FNF:2
FNH:2
FNDA:4,(anonymous_0)
FNDA:4,(anonymous_1)
DA:1,4
DA:2,4
DA:4,4
DA:5,4
DA:41,4
DA:44,4
DA:53,4
LF:7
LH:7
BRF:0
BRH:0
end_of_record
TN:
SF:db/models/index.js
FN:7,setupModels
FNF:1
FNH:1
FNDA:4,setupModels
DA:1,4
DA:2,4
DA:3,4
DA:4,4
DA:5,4
DA:8,4
DA:9,4
DA:10,4
DA:11,4
DA:12,4
DA:14,4
DA:15,4
DA:16,4
DA:17,4
DA:18,4
DA:21,4
LF:16
LH:16
BRF:0
BRH:0
end_of_record
TN:
SF:db/models/logTeam.model.js
FN:51,(anonymous_0)
FN:55,(anonymous_1)
FNF:2
FNH:2
FNDA:4,(anonymous_0)
FNDA:4,(anonymous_1)
DA:1,4
DA:2,4
DA:3,4
DA:5,4
DA:6,4
DA:52,4
DA:53,4
DA:56,4
DA:65,4
LF:9
LH:9
BRF:0
BRH:0
end_of_record
TN:
SF:db/models/role.model.js
FN:18,(anonymous_0)
FN:24,(anonymous_1)
FNF:2
FNH:2
FNDA:4,(anonymous_0)
FNDA:4,(anonymous_1)
DA:1,4
DA:3,4
DA:4,4
DA:19,4
DA:25,4
DA:34,4
LF:6
LH:6
BRF:0
BRH:0
end_of_record
TN:
SF:db/models/team.model.js
FN:18,(anonymous_0)
FN:28,(anonymous_1)
FNF:2
FNH:2
FNDA:4,(anonymous_0)
FNDA:4,(anonymous_1)
DA:1,4
DA:3,4
DA:4,4
DA:19,4
DA:23,4
DA:29,4
DA:38,4
LF:7
LH:7
BRF:0
BRH:0
end_of_record
TN:
SF:db/models/user.model.js
FN:54,(anonymous_0)
FN:61,(anonymous_1)
FNF:2
FNH:2
FNDA:4,(anonymous_0)
FNDA:4,(anonymous_1)
DA:1,4
DA:2,4
DA:4,4
DA:5,4
DA:55,4
DA:56,4
DA:62,4
DA:71,4
LF:8
LH:8
BRF:0
BRH:0
end_of_record
TN:
SF:libs/sequelize.js
FNF:0
FNH:0
DA:1,4
DA:2,4
DA:3,4
DA:5,4
DA:6,4
DA:7,4
DA:9,4
DA:13,4
DA:15,4
LF:9
LH:9
BRF:0
BRH:0
end_of_record
TN:
SF:services/account.service.js
FN:10,(anonymous_0)
FN:12,(anonymous_1)
FN:23,(anonymous_2)
FN:34,(anonymous_3)
FN:40,(anonymous_4)
FNF:5
FNH:5
FNDA:1,(anonymous_0)
FNDA:3,(anonymous_1)
FNDA:2,(anonymous_2)
FNDA:1,(anonymous_3)
FNDA:1,(anonymous_4)
DA:1,1
DA:2,1
DA:3,1
DA:4,1
DA:5,1
DA:7,1
DA:13,3
DA:17,3
DA:18,0
DA:20,3
DA:24,2
DA:28,2
DA:29,1
DA:31,1
DA:35,1
DA:37,1
DA:41,1
DA:42,1
DA:43,1
DA:47,1
LF:20
LH:19
BRDA:17,0,0,0
BRDA:17,0,1,3
BRDA:28,1,0,1
BRDA:28,1,1,1
BRF:4
BRH:3
end_of_record
TN:
SF:services/role.service.js
FN:5,(anonymous_0)
FN:7,(anonymous_1)
FN:15,(anonymous_2)
FNF:3
FNH:3
FNDA:2,(anonymous_0)
FNDA:1,(anonymous_1)
FNDA:1,(anonymous_2)
DA:1,2
DA:2,2
DA:8,1
DA:9,1
DA:10,0
DA:12,1
DA:16,1
DA:17,1
DA:21,2
LF:9
LH:8
BRDA:9,0,0,0
BRDA:9,0,1,1
BRF:2
BRH:1
end_of_record
TN:
SF:services/team.service.js
FN:6,(anonymous_0)
FN:8,(anonymous_1)
FN:17,(anonymous_2)
FN:26,(anonymous_3)
FNF:4
FNH:4
FNDA:2,(anonymous_0)
FNDA:2,(anonymous_1)
FNDA:2,(anonymous_2)
FNDA:1,(anonymous_3)
DA:1,2
DA:2,2
DA:3,2
DA:9,2
DA:11,2
DA:12,0
DA:14,2
DA:18,2
DA:20,2
DA:21,1
DA:23,1
DA:27,1
DA:28,1
DA:32,2
LF:14
LH:13
BRDA:11,0,0,0
BRDA:11,0,1,2
BRDA:20,1,0,1
BRDA:20,1,1,1
BRF:4
BRH:3
end_of_record
TN:
SF:services/user.service.js
FN:9,(anonymous_0)
FN:13,(anonymous_1)
FN:24,(anonymous_2)
FN:34,(anonymous_3)
FN:42,(anonymous_4)
FN:58,(anonymous_5)
FN:65,(anonymous_6)
FNF:7
FNH:7
FNDA:1,(anonymous_0)
FNDA:2,(anonymous_1)
FNDA:4,(anonymous_2)
FNDA:3,(anonymous_3)
FNDA:1,(anonymous_4)
FNDA:1,(anonymous_5)
FNDA:1,(anonymous_6)
DA:1,1
DA:2,1
DA:3,1
DA:4,1
DA:6,1
DA:10,1
DA:14,2
DA:18,2
DA:19,0
DA:21,2
DA:25,4
DA:28,4
DA:29,1
DA:31,3
DA:35,3
DA:39,3
DA:43,1
DA:44,1
DA:49,1
DA:51,1
DA:53,1
DA:55,1
DA:59,1
DA:60,1
DA:62,1
DA:66,1
DA:67,1
DA:68,1
DA:72,1
LF:29
LH:28
BRDA:18,0,0,0
BRDA:18,0,1,2
BRDA:28,1,0,1
BRDA:28,1,1,3
BRF:4
BRH:3
end_of_record
